Warning: you requested the nanomsg event logger, but bmv2 was compiled without -DBMELOG, and the event logger cannot be activated
Calling target program-options parser
[16:35:47.539] [bmv2] [D] [thread 6354] Set default default entry for table 'MyIngress.ipv4_lpm': NoAction - 
[16:35:47.539] [bmv2] [D] [thread 6354] Set default default entry for table 'MyEgress.int_table': MyEgress.add_int_header - 1,
[16:35:47.539] [bmv2] [D] [thread 6354] Set default default entry for table 'MyEgress.dummy': NoAction - 
Adding interface s3-eth1 as port 1
[16:35:47.542] [bmv2] [D] [thread 6354] Adding interface s3-eth1 as port 1
Adding interface s3-eth2 as port 2
[16:35:47.571] [bmv2] [D] [thread 6354] Adding interface s3-eth2 as port 2
Adding interface s3-eth3 as port 3
[16:35:47.632] [bmv2] [D] [thread 6354] Adding interface s3-eth3 as port 3
[16:35:47.663] [bmv2] [I] [thread 6354] Starting Thrift server on port 9092
[16:35:47.664] [bmv2] [I] [thread 6354] Thrift server was started
[16:35:47.807] [bmv2] [D] [thread 6361] [0.0] [cxt 0] Processing packet received on port 2
[16:35:47.807] [bmv2] [D] [thread 6361] [0.0] [cxt 0] Parser 'parser': start
[16:35:47.807] [bmv2] [D] [thread 6361] [0.0] [cxt 0] Parser 'parser' entering state 'start'
[16:35:47.807] [bmv2] [D] [thread 6361] [0.0] [cxt 0] Extracting header 'ethernet'
[16:35:47.807] [bmv2] [D] [thread 6361] [0.0] [cxt 0] Parser state 'start': key is 86dd
[16:35:47.807] [bmv2] [T] [thread 6361] [0.0] [cxt 0] Bytes parsed: 14
[16:35:47.807] [bmv2] [D] [thread 6361] [0.0] [cxt 0] Parser 'parser': end
[16:35:47.807] [bmv2] [D] [thread 6361] [0.0] [cxt 0] Pipeline 'ingress': start
[16:35:47.807] [bmv2] [T] [thread 6361] [0.0] [cxt 0] digest_messages.p4(421) Condition "hdr.ipv4.isValid()" (node_2) is false
[16:35:47.807] [bmv2] [D] [thread 6361] [0.0] [cxt 0] Pipeline 'ingress': end
[16:35:47.807] [bmv2] [D] [thread 6361] [0.0] [cxt 0] Egress port is 0
[16:35:47.807] [bmv2] [D] [thread 6362] [0.0] [cxt 0] Pipeline 'egress': start
[16:35:47.807] [bmv2] [T] [thread 6362] [0.0] [cxt 0] Applying table 'MyEgress.int_table'
[16:35:47.807] [bmv2] [D] [thread 6362] [0.0] [cxt 0] Looking up key:

[16:35:47.807] [bmv2] [D] [thread 6362] [0.0] [cxt 0] Table 'MyEgress.int_table': miss
[16:35:47.807] [bmv2] [D] [thread 6362] [0.0] [cxt 0] Action entry is MyEgress.add_int_header - 1,
[16:35:47.807] [bmv2] [T] [thread 6362] [0.0] [cxt 0] Action MyEgress.add_int_header
[16:35:47.807] [bmv2] [T] [thread 6362] [0.0] [cxt 0] digest_messages.p4(446) Primitive meta.learn2.egress_time = (bit<64>)standard_metadata.egress_global_timestamp
[16:35:47.807] [bmv2] [T] [thread 6362] [0.0] [cxt 0] digest_messages.p4(447) Primitive meta.learn2.qd = (bit<16>)standard_metadata.deq_qdepth
[16:35:47.807] [bmv2] [T] [thread 6362] [0.0] [cxt 0] Applying table 'MyEgress.dummy'
[16:35:47.807] [bmv2] [D] [thread 6362] [0.0] [cxt 0] Looking up key:
* meta.learn2.egress_time: 000000000004257e
* meta.learn2.qd         : 0000

[16:35:47.807] [bmv2] [D] [thread 6362] [0.0] [cxt 0] Table 'MyEgress.dummy': miss
[16:35:47.807] [bmv2] [D] [thread 6362] [0.0] [cxt 0] Action entry is NoAction - 
[16:35:47.807] [bmv2] [T] [thread 6362] [0.0] [cxt 0] Action NoAction
[16:35:47.807] [bmv2] [D] [thread 6362] [0.0] [cxt 0] Pipeline 'egress': end
[16:35:47.807] [bmv2] [D] [thread 6362] [0.0] [cxt 0] Deparser 'deparser': start
[16:35:47.807] [bmv2] [T] [thread 6362] [0.0] [cxt 0] Skipping checksum 'cksum' update because condition not met
[16:35:47.807] [bmv2] [D] [thread 6362] [0.0] [cxt 0] Deparsing header 'ethernet'
[16:35:47.807] [bmv2] [D] [thread 6362] [0.0] [cxt 0] Deparser 'deparser': end
[16:35:47.807] [bmv2] [D] [thread 6366] [0.0] [cxt 0] Transmitting packet of size 90 out of port 0
[16:35:49.719] [bmv2] [T] [thread 6422] bm_get_config
[16:35:49.721] [bmv2] [T] [thread 6422] bm_set_default_action
[16:35:49.721] [bmv2] [D] [thread 6422] Set default entry for table 'MyIngress.ipv4_lpm': MyIngress.drop - 
[16:35:49.721] [bmv2] [T] [thread 6422] bm_set_default_action
[16:35:49.721] [bmv2] [D] [thread 6422] Set default entry for table 'MyEgress.int_table': MyEgress.add_int_header - 3,
[16:35:49.721] [bmv2] [T] [thread 6422] bm_table_add_entry
[16:35:49.721] [bmv2] [D] [thread 6422] Entry 0 added to table 'MyIngress.ipv4_lpm'
[16:35:49.721] [bmv2] [D] [thread 6422] Dumping entry 0
Match key:
* hdr.ipv4.dstAddr    : LPM       0a000000/16
Action entry: MyIngress.ipv4_forward - 10300,1,3,

[16:35:49.722] [bmv2] [T] [thread 6422] bm_table_add_entry
[16:35:49.722] [bmv2] [D] [thread 6422] Entry 1 added to table 'MyIngress.ipv4_lpm'
[16:35:49.722] [bmv2] [D] [thread 6422] Dumping entry 1
Match key:
* hdr.ipv4.dstAddr    : LPM       0a000303/32
Action entry: MyIngress.ipv4_forward - a000303,2,3,

[16:35:49.722] [bmv2] [T] [thread 6422] bm_table_add_entry
[16:35:49.722] [bmv2] [D] [thread 6422] Entry 2 added to table 'MyIngress.ipv4_lpm'
[16:35:49.722] [bmv2] [D] [thread 6422] Dumping entry 2
Match key:
* hdr.ipv4.dstAddr    : LPM       0a000304/32
Action entry: MyIngress.ipv4_forward - a000304,3,3,

[16:35:49.723] [bmv2] [T] [thread 6422] mirroring_sesssion_add
[16:35:55.438] [bmv2] [T] [thread 6433] bm_get_config
[16:35:55.439] [bmv2] [T] [thread 6433] bm_mt_get_entries
[16:35:55.440] [bmv2] [T] [thread 6433] bm_mt_get_entries
[16:35:55.441] [bmv2] [T] [thread 6433] bm_mt_get_entries
[16:35:55.441] [bmv2] [T] [thread 6433] bm_mgmt_get_info
open: No such file or directory
open: No such file or directory
open: No such file or directory
[17:35:13.757] [bmv2] [T] [thread 6433] bm_learning_ack_buffer
